  Shield.cpp
C:\Users\HP\source\repos\dxrgrabowski\SpaceInvadersSFML\SI\Shield.h(6,1): error C2011: 'Shield': 'class' type redefinition
C:\Users\HP\source\repos\dxrgrabowski\SpaceInvadersSFML\SI\Shield.h(5): message : see declaration of 'Shield'
C:\Users\HP\source\repos\dxrgrabowski\SpaceInvadersSFML\SI\Shield.h(15,13): error C2011: 'Pixel': 'class' type redefinition
C:\Users\HP\source\repos\dxrgrabowski\SpaceInvadersSFML\SI\Shield.h(3): message : see declaration of 'Pixel'
C:\Users\HP\source\repos\dxrgrabowski\SpaceInvadersSFML\SI\Shield.cpp(3,8): error C2027: use of undefined type 'Pixel'
C:\Users\HP\source\repos\dxrgrabowski\SpaceInvadersSFML\SI\Shield.h(3): message : see declaration of 'Pixel'
C:\Users\HP\source\repos\dxrgrabowski\SpaceInvadersSFML\SI\Shield.cpp(3,40): error C4430: missing type specifier - int assumed. Note: C++ does not support default-int
C:\Users\HP\source\repos\dxrgrabowski\SpaceInvadersSFML\SI\Shield.cpp(4,2): error C2355: 'this': can only be referenced inside non-static member functions or non-static data member initializers
C:\Users\HP\source\repos\dxrgrabowski\SpaceInvadersSFML\SI\Shield.cpp(5,2): error C2355: 'this': can only be referenced inside non-static member functions or non-static data member initializers
C:\Users\HP\source\repos\dxrgrabowski\SpaceInvadersSFML\SI\Shield.cpp(6,2): error C2355: 'this': can only be referenced inside non-static member functions or non-static data member initializers
C:\Users\HP\source\repos\dxrgrabowski\SpaceInvadersSFML\SI\Shield.cpp(8,2): error C2065: 'shape': undeclared identifier
C:\Users\HP\source\repos\dxrgrabowski\SpaceInvadersSFML\SI\Shield.cpp(8,20): error C2355: 'this': can only be referenced inside non-static member functions or non-static data member initializers
C:\Users\HP\source\repos\dxrgrabowski\SpaceInvadersSFML\SI\Shield.cpp(8,29): error C2355: 'this': can only be referenced inside non-static member functions or non-static data member initializers
C:\Users\HP\source\repos\dxrgrabowski\SpaceInvadersSFML\SI\Shield.cpp(9,2): error C2065: 'shape': undeclared identifier
C:\Users\HP\source\repos\dxrgrabowski\SpaceInvadersSFML\SI\Shield.cpp(9,16): error C2065: 'RectSize': undeclared identifier
C:\Users\HP\source\repos\dxrgrabowski\SpaceInvadersSFML\SI\Shield.cpp(10,2): error C2065: 'shape': undeclared identifier
C:\Users\HP\source\repos\dxrgrabowski\SpaceInvadersSFML\SI\Shield.cpp(11,1): warning C4508: '{ctor}': function should return a value; 'void' return type assumed
C:\Users\HP\source\repos\dxrgrabowski\SpaceInvadersSFML\SI\Shield.cpp(13,9): error C2027: use of undefined type 'Shield'
C:\Users\HP\source\repos\dxrgrabowski\SpaceInvadersSFML\SI\Shield.h(5): message : see declaration of 'Shield'
C:\Users\HP\source\repos\dxrgrabowski\SpaceInvadersSFML\SI\Shield.cpp(13,42): error C4430: missing type specifier - int assumed. Note: C++ does not support default-int
C:\Users\HP\source\repos\dxrgrabowski\SpaceInvadersSFML\SI\Shield.cpp(13,15): error C2084: function 'int {ctor}(float,float,int)' already has a body
C:\Users\HP\source\repos\dxrgrabowski\SpaceInvadersSFML\SI\Shield.cpp(3): message : see previous definition of '{ctor}'
C:\Users\HP\source\repos\dxrgrabowski\SpaceInvadersSFML\SI\Shield.cpp(14,2): error C2355: 'this': can only be referenced inside non-static member functions or non-static data member initializers
C:\Users\HP\source\repos\dxrgrabowski\SpaceInvadersSFML\SI\Shield.cpp(15,2): error C2355: 'this': can only be referenced inside non-static member functions or non-static data member initializers
C:\Users\HP\source\repos\dxrgrabowski\SpaceInvadersSFML\SI\Shield.cpp(16,2): error C2355: 'this': can only be referenced inside non-static member functions or non-static data member initializers
C:\Users\HP\source\repos\dxrgrabowski\SpaceInvadersSFML\SI\Shield.cpp(19,14): error C2027: use of undefined type 'Shield'
C:\Users\HP\source\repos\dxrgrabowski\SpaceInvadersSFML\SI\Shield.h(5): message : see declaration of 'Shield'
C:\Users\HP\source\repos\dxrgrabowski\SpaceInvadersSFML\SI\Shield.cpp(22,4): error C2355: 'this': can only be referenced inside non-static member functions or non-static data member initializers
C:\Users\HP\source\repos\dxrgrabowski\SpaceInvadersSFML\SI\Shield.cpp(22,36): error C2355: 'this': can only be referenced inside non-static member functions or non-static data member initializers
C:\Users\HP\source\repos\dxrgrabowski\SpaceInvadersSFML\SI\Shield.cpp(22,53): error C2355: 'this': can only be referenced inside non-static member functions or non-static data member initializers
C:\Users\HP\source\repos\dxrgrabowski\SpaceInvadersSFML\SI\Shield.cpp(22,35): error C2027: use of undefined type 'Pixel'
C:\Users\HP\source\repos\dxrgrabowski\SpaceInvadersSFML\SI\Shield.h(3): message : see declaration of 'Pixel'
C:\Users\HP\source\repos\dxrgrabowski\SpaceInvadersSFML\SI\Shield.cpp(29,13): error C2027: use of undefined type 'Pixel'
C:\Users\HP\source\repos\dxrgrabowski\SpaceInvadersSFML\SI\Shield.h(3): message : see declaration of 'Pixel'
C:\Users\HP\source\repos\dxrgrabowski\SpaceInvadersSFML\SI\Shield.cpp(29,66): error C2270: 'draw': modifiers not allowed on nonmember functions
C:\Users\HP\source\repos\dxrgrabowski\SpaceInvadersSFML\SI\Shield.cpp(30,14): error C2355: 'this': can only be referenced inside non-static member functions or non-static data member initializers
  SI.cpp
C:\Users\HP\source\repos\dxrgrabowski\SpaceInvadersSFML\SI\Shield.h(6,1): error C2011: 'Shield': 'class' type redefinition
C:\Users\HP\source\repos\dxrgrabowski\SpaceInvadersSFML\SI\Shield.h(5): message : see declaration of 'Shield'
C:\Users\HP\source\repos\dxrgrabowski\SpaceInvadersSFML\SI\Shield.h(15,13): error C2011: 'Pixel': 'class' type redefinition
C:\Users\HP\source\repos\dxrgrabowski\SpaceInvadersSFML\SI\Shield.h(3): message : see declaration of 'Pixel'
C:\Users\HP\source\repos\dxrgrabowski\SpaceInvadersSFML\SI\SI.cpp(27,12): error C2079: 'tarcza' uses undefined class 'Shield'
C:\Users\HP\source\repos\dxrgrabowski\SpaceInvadersSFML\SI\SI.cpp(27,37): error C2440: 'initializing': cannot convert from 'initializer list' to 'int'
C:\Users\HP\source\repos\dxrgrabowski\SpaceInvadersSFML\SI\SI.cpp(27,18): message : The initializer contains too many elements
C:\Users\HP\source\repos\dxrgrabowski\SpaceInvadersSFML\SI\SI.cpp(45,53): error C2660: 'Bullet::hit': function does not take 2 arguments
C:\Users\HP\source\repos\dxrgrabowski\SpaceInvadersSFML\SI\classes.h(55,7): message : see declaration of 'Bullet::hit'
C:\Users\HP\source\repos\dxrgrabowski\SpaceInvadersSFML\SI\SI.cpp(51,9): error C2530: 'pixel': references must be initialized
C:\Users\HP\source\repos\dxrgrabowski\SpaceInvadersSFML\SI\SI.cpp(51,9): error C3531: 'pixel': a symbol whose type contains 'auto' must have an initializer
C:\Users\HP\source\repos\dxrgrabowski\SpaceInvadersSFML\SI\SI.cpp(51,26): error C2143: syntax error: missing ';' before ':'
C:\Users\HP\source\repos\dxrgrabowski\SpaceInvadersSFML\SI\SI.cpp(51,44): error C2143: syntax error: missing ';' before ')'
C:\Users\HP\source\repos\dxrgrabowski\SpaceInvadersSFML\SI\SI.cpp(52,30): error C2664: 'void sf::RenderTarget::draw(const sf::Drawable &,const sf::RenderStates &)': cannot convert argument 1 from 'int' to 'const sf::Drawable &'
C:\Users\HP\source\repos\dxrgrabowski\SpaceInvadersSFML\SI\SI.cpp(52,30): message : Reason: cannot convert from 'int' to 'const sf::Drawable'
C:\Users\HP\source\repos\dxrgrabowski\SpaceInvadersSFML\SI\SI.cpp(52,30): message : No constructor could take the source type, or constructor overload resolution was ambiguous
C:\Users\HP\source\repos\dxrgrabowski\SpaceInvadersSFML\include\SFML\Graphics\RenderTarget.hpp(237,10): message : see declaration of 'sf::RenderTarget::draw'
  Generating Code...
