  SI.cpp
C:\Users\mrdex\source\repos\dxrgrabowski\SpaceInvadersSFML\SI\Button.hpp(50,64): warning C4244: "argument": konwersja z "T" do "T", możliwa utrata danych
          with
          [
              T=int
          ]
          and
          [
              T=float
          ]
C:\Users\mrdex\source\repos\dxrgrabowski\SpaceInvadersSFML\SI\Button.hpp(50,52): warning C4244: "argument": konwersja z "T" do "T", możliwa utrata danych
          with
          [
              T=int
          ]
          and
          [
              T=float
          ]
C:\Users\mrdex\source\repos\dxrgrabowski\SpaceInvadersSFML\SI\Button.hpp(62,108): warning C4244: "argument": konwersja z "T" do "T", możliwa utrata danych
          with
          [
              T=int
          ]
          and
          [
              T=float
          ]
C:\Users\mrdex\source\repos\dxrgrabowski\SpaceInvadersSFML\SI\Button.hpp(62,74): warning C4244: "argument": konwersja z "T" do "T", możliwa utrata danych
          with
          [
              T=int
          ]
          and
          [
              T=float
          ]
  Trwa generowanie kodu
  0 of 519 functions ( 0.0%) were compiled, the rest were copied from previous compilation.
    0 functions were new in current compilation
    1 functions had inline decision re-evaluated but remain unchanged
  Zakończono generowanie kodu
  SI.vcxproj -> C:\Users\mrdex\source\repos\dxrgrabowski\SpaceInvadersSFML\x64\Release\SI.exe
